Command line:
   CPU_tb_isim_beh.exe
     -simmode  gui
     -simrunnum  0
     -socket  49306

Thu Dec 05 23:58:31 2019


 Elaboration Time: 0.09375 sec

 Current Memory Usage: 503.439 Meg

 Total Signals          : 461
 Total Nets             : 2772
 Total Signal Drivers   : 168
 Total Blocks           : 100
 Total Primitive Blocks : 61
 Total Processes        : 159
 Total Traceable Variables  : 587
 Total Scalar Nets and Variables : 101159
Total Line Count : 487

 Total Simulation Time: 3.76563 sec

 Current Memory Usage: 503.439 Meg

Fri Dec 06 00:00:38 2019

