ISim log file
Running: E:\t6laborg\CPU_tb_isim_beh.exe -intstyle ise -gui -tclbatch isim.cmd -wdb E:/t6laborg/CPU_tb_isim_beh.wdb 
ISim O.61xd (signature 0x1cce1bb2)
WARNING: A WEBPACK license was found.
WARNING: Please use Xilinx License Configuration Manager to check out a full ISim license.
WARNING: ISim will run in Lite mode. Please refer to the ISim documentation for more information on the differences between the Lite and the Full version.
This is a Lite version of ISim.
Time resolution is 1 ps
# onerror resume
# wave add /
# run 1000 ns
Simulator is doing circuit initialization process.
at 0 ps, Instance /cpu_tb/top/MIPS_multi/dp/ : Warning: There is an 'U'|'X'|'W'|'Z'|'-' in an arithmetic operand, the result will be 'X'(es).
at 0 ps, Instance /cpu_tb/top/MIPS_multi/dp/REGS/ : Warning: CONV_INTEGER: There is an 'U'|'X'|'W'|'Z'|'-' in an arithmetic operand, and it has been converted to 0.
at 0 ps, Instance /cpu_tb/top/MIPS_multi/dp/REGS/ : Warning: CONV_INTEGER: There is an 'U'|'X'|'W'|'Z'|'-' in an arithmetic operand, and it has been converted to 0.
Finished circuit initialization process.
at 0 ps: Error: ******************* INVALID INSTRUCTION *************
at 0 ps, Instance /cpu_tb/top/MIPS_multi/dp/REGS/ : Warning: CONV_INTEGER: There is an 'U'|'X'|'W'|'Z'|'-' in an arithmetic operand, and it has been converted to 0.
# isim force add /cpu_tb/reset 1 -radix bin -cancel 1 us
# isim force add /cpu_tb/reset 1 -radix bin -cancel 1 us
# isim force add /cpu_tb/ck 0 -radix bin -value 1 -radix bin -time 5 ns -repeat 10 ns
# isim force add /cpu_tb/ck 0 -radix bin -value 1 -radix bin -time 5 ns -repeat 10 ns
# run 19us
